[2026-05-28 00:38:29] [DRY-RUN] Starting dry-run validation from version 2.8.44 to 2.8.45...
[2026-05-28 00:38:29] [DRY-RUN] [OK] Simulated update on CURRENT_VERSION.txt matches version schema and compiles cleanly.
[2026-05-28 00:38:29] [DRY-RUN] [OK] Simulated update on mysqltuner.pl matches version schema and compiles cleanly.
[2026-05-28 00:38:29] [DRY-RUN] [OK] Simulated update on USAGE.md matches version schema and compiles cleanly.
[2026-05-28 00:38:29] [DRY-RUN] [OK] Simulated update on README.md matches version schema and compiles cleanly.
[2026-05-28 00:38:29] [DRY-RUN] [OK] Simulated update on SECURITY.md matches version schema and compiles cleanly.
[2026-05-28 00:38:29] [DRY-RUN] [OK] Simulated update on MEMORY_DB.md matches version schema and compiles cleanly.
[2026-05-28 00:38:29] [DRY-RUN] [OK] Simulated update on Changelog matches version schema and compiles cleanly.
[2026-05-28 00:38:29] [DRY-RUN] [OK] Simulated path for new release notes: /home/jmren/GIT_REPOS/MySQLTuner-perl/build/../releases/v2.8.45.md
[2026-05-28 00:38:29] [DRY-RUN] Dry-run validation completed successfully. All files matches version schemas.
[2026-05-28 00:38:47] [MAKE] Starting generate_usage...
[2026-05-28 00:39:23] [MAKE] Finished generate_usage.
[2026-05-28 00:41:14] [MAKE] Starting generate_usage...
[2026-05-28 00:41:49] [MAKE] Finished generate_usage.
[2026-05-28 00:44:29] [DRY-RUN] Starting dry-run validation from version 2.8.44 to 2.8.45...
[2026-05-28 00:44:29] [DRY-RUN] [OK] Simulated update on CURRENT_VERSION.txt matches version schema and compiles cleanly.
[2026-05-28 00:44:29] [DRY-RUN] [OK] Simulated update on mysqltuner.pl matches version schema and compiles cleanly.
[2026-05-28 00:44:29] [DRY-RUN] [OK] Simulated update on USAGE.md matches version schema and compiles cleanly.
[2026-05-28 00:44:29] [DRY-RUN] [OK] Simulated update on README.md matches version schema and compiles cleanly.
[2026-05-28 00:44:29] [DRY-RUN] [OK] Simulated update on SECURITY.md matches version schema and compiles cleanly.
[2026-05-28 00:44:29] [DRY-RUN] [OK] Simulated update on MEMORY_DB.md matches version schema and compiles cleanly.
[2026-05-28 00:44:29] [DRY-RUN] [OK] Simulated update on Changelog matches version schema and compiles cleanly.
[2026-05-28 00:44:29] [DRY-RUN] [OK] Simulated path for new release notes: /home/jmren/GIT_REPOS/MySQLTuner-perl/build/../releases/v2.8.45.md
[2026-05-28 00:44:29] [DRY-RUN] Dry-run validation completed successfully. All files matches version schemas.
[2026-05-28 00:48:41] [DRY-RUN] Starting dry-run validation from version 2.8.44 to 2.8.45...
[2026-05-28 00:48:41] [DRY-RUN] [OK] Simulated update on CURRENT_VERSION.txt matches version schema and compiles cleanly.
[2026-05-28 00:48:41] [DRY-RUN] [OK] Simulated update on mysqltuner.pl matches version schema and compiles cleanly.
[2026-05-28 00:48:41] [DRY-RUN] [OK] Simulated update on USAGE.md matches version schema and compiles cleanly.
[2026-05-28 00:48:41] [DRY-RUN] [OK] Simulated update on README.md matches version schema and compiles cleanly.
[2026-05-28 00:48:41] [DRY-RUN] [OK] Simulated update on SECURITY.md matches version schema and compiles cleanly.
[2026-05-28 00:48:41] [DRY-RUN] [OK] Simulated update on MEMORY_DB.md matches version schema and compiles cleanly.
[2026-05-28 00:48:41] [DRY-RUN] [OK] Simulated update on Changelog matches version schema and compiles cleanly.
[2026-05-28 00:48:41] [DRY-RUN] [OK] Simulated path for new release notes: /home/jmren/GIT_REPOS/MySQLTuner-perl/build/../releases/v2.8.45.md
[2026-05-28 00:48:41] [DRY-RUN] Dry-run validation completed successfully. All files matches version schemas.
[2026-05-28 00:50:06] [MAKE] Starting generate_usage...
[2026-05-28 00:50:41] [MAKE] Finished generate_usage.
[2026-05-28 07:56:46] [MAKE] Starting generate_usage...
[2026-05-28 07:57:00] [MAKE] Finished generate_usage.
[2026-05-28 07:57:00] [MAKE] Starting generate_release_notes...
[2026-05-28 07:57:14] [MAKE] Finished generate_release_notes.
[2026-06-04 06:51:17] [MAKE] Starting generate_usage...
[2026-06-04 06:51:52] [MAKE] Finished generate_usage.
[2026-06-04 06:51:52] [MAKE] Starting generate_release_notes...
[2026-06-04 06:52:27] [MAKE] Finished generate_release_notes.
[2026-06-04 08:32:37] [MAKE] Starting generate_usage...
[2026-06-04 08:32:55] [MAKE] Finished generate_usage.
[2026-06-04 08:32:55] [MAKE] Starting generate_release_notes...
[2026-06-04 08:33:10] [MAKE] Finished generate_release_notes.
[2026-06-04 08:33:51] [MAKE] Starting generate_usage...
[2026-06-04 08:34:10] [MAKE] Finished generate_usage.
[2026-06-04 08:34:10] [MAKE] Starting generate_release_notes...
[2026-06-04 08:34:26] [MAKE] Finished generate_release_notes.
